\BOOKMARK [0][-]{chapter.1}{\376\377\000I\000n\000t\000r\000o\000d\000u\000c\000t\000i\000o\000n}{}% 1
\BOOKMARK [1][-]{section.1.1}{\376\377\000C\000o\000n\000t\000e\000x\000t\000e}{chapter.1}% 2
\BOOKMARK [1][-]{section.1.2}{\376\377\000O\000b\000j\000e\000c\000t\000i\000f\000s\000\040\000t\000e\000c\000h\000n\000i\000q\000u\000e\000s}{chapter.1}% 3
\BOOKMARK [1][-]{section.1.3}{\376\377\000T\000e\000c\000h\000n\000o\000l\000o\000g\000i\000e\000s\000\040\000u\000t\000i\000l\000i\000s\000\351\000e\000s}{chapter.1}% 4
\BOOKMARK [0][-]{chapter.2}{\376\377\000A\000r\000c\000h\000i\000t\000e\000c\000t\000u\000r\000e\000\040\000r\000\351\000s\000e\000a\000u}{}% 5
\BOOKMARK [1][-]{section.2.1}{\376\377\000D\000e\000s\000c\000r\000i\000p\000t\000i\000o\000n\000\040\000d\000u\000\040\000V\000P\000C\000,\000\040\000s\000u\000b\000n\000e\000t\000,\000\040\000I\000G\000W\000\040\000e\000t\000\040\000r\000o\000u\000t\000e\000\040\000t\000a\000b\000l\000e}{chapter.2}% 6
\BOOKMARK [2][-]{subsection.2.1.1}{\376\377\000A\000d\000r\000e\000s\000s\000a\000g\000e\000\040\000I\000P}{section.2.1}% 7
\BOOKMARK [2][-]{subsection.2.1.2}{\376\377\000C\000o\000n\000n\000e\000c\000t\000i\000v\000i\000t\000\351\000\040\000I\000n\000t\000e\000r\000n\000e\000t}{section.2.1}% 8
\BOOKMARK [2][-]{subsection.2.1.3}{\376\377\000C\000a\000p\000t\000u\000r\000e\000s\000\040\000d\000e\000\040\000c\000o\000n\000f\000i\000g\000u\000r\000a\000t\000i\000o\000n\000\040\000r\000\351\000s\000e\000a\000u}{section.2.1}% 9
\BOOKMARK [1][-]{section.2.2}{\376\377\000S\000e\000c\000u\000r\000i\000t\000y\000\040\000G\000r\000o\000u\000p\000s\000\040\000:\000\040\000t\000a\000b\000l\000e\000a\000u\000\040\000d\000e\000s\000\040\000p\000o\000r\000t\000s}{chapter.2}% 10
\BOOKMARK [2][-]{subsection.2.2.1}{\376\377\000P\000r\000i\000n\000c\000i\000p\000e\000\040\000d\000e\000\040\000f\000i\000l\000t\000r\000a\000g\000e}{section.2.2}% 11
\BOOKMARK [2][-]{subsection.2.2.2}{\376\377\000C\000a\000p\000t\000u\000r\000e\000s\000\040\000d\000e\000s\000\040\000S\000e\000c\000u\000r\000i\000t\000y\000\040\000G\000r\000o\000u\000p\000s}{section.2.2}% 12
\BOOKMARK [1][-]{section.2.3}{\376\377\000S\000c\000h\000\351\000m\000a\000\040\000r\000\351\000s\000e\000a\000u}{chapter.2}% 13
\BOOKMARK [0][-]{chapter.3}{\376\377\000I\000n\000s\000t\000a\000n\000c\000e\000s\000\040\000E\000C\0002}{}% 14
\BOOKMARK [1][-]{section.3.1}{\376\377\000T\000a\000b\000l\000e\000a\000u\000\040\000r\000\351\000c\000a\000p\000i\000t\000u\000l\000a\000t\000i\000f\000\040\000d\000e\000s\000\040\000i\000n\000s\000t\000a\000n\000c\000e\000s}{chapter.3}% 15
\BOOKMARK [1][-]{section.3.2}{\376\377\000J\000u\000s\000t\000i\000f\000i\000c\000a\000t\000i\000o\000n\000\040\000d\000e\000s\000\040\000c\000h\000o\000i\000x\000\040\000t\0003\000.\000m\000e\000d\000i\000u\000m\000\040\000/\000\040\000t\0003\000.\000l\000a\000r\000g\000e}{chapter.3}% 16
\BOOKMARK [1][-]{section.3.3}{\376\377\000C\000a\000p\000t\000u\000r\000e\000s\000\040\000d\040\031\000\351\000c\000r\000a\000n\000\040\000\050\000l\000a\000n\000c\000e\000m\000e\000n\000t\000\040\000e\000t\000\040\000\351\000t\000a\000t\000\040\000R\000u\000n\000n\000i\000n\000g\000\051}{chapter.3}% 17
\BOOKMARK [1][-]{section.3.4}{\376\377\000C\000o\000n\000f\000i\000g\000u\000r\000a\000t\000i\000o\000n\000\040\000r\000\351\000s\000e\000a\000u\000\040\000d\000e\000s\000\040\000i\000n\000s\000t\000a\000n\000c\000e\000s\000\040\000\050\000E\000d\000i\000t\000\040\000n\000e\000t\000w\000o\000r\000k\000\051}{chapter.3}% 18
\BOOKMARK [0][-]{chapter.4}{\376\377\000D\000\351\000p\000l\000o\000i\000e\000m\000e\000n\000t\000\040\000d\000u\000\040\000s\000e\000r\000v\000e\000u\000r\000\040\000Z\000a\000b\000b\000i\000x\000\040\000\050\000D\000o\000c\000k\000e\000r\000\051}{}% 19
\BOOKMARK [1][-]{section.4.1}{\376\377\000I\000n\000s\000t\000a\000l\000l\000a\000t\000i\000o\000n\000\040\000D\000o\000c\000k\000e\000r}{chapter.4}% 20
\BOOKMARK [1][-]{section.4.2}{\376\377\000I\000n\000s\000t\000a\000l\000l\000a\000t\000i\000o\000n\000\040\000D\000o\000c\000k\000e\000r\000\040\000C\000o\000m\000p\000o\000s\000e}{chapter.4}% 21
\BOOKMARK [1][-]{section.4.3}{\376\377\000F\000i\000c\000h\000i\000e\000r\000\040\000d\000o\000c\000k\000e\000r\000-\000c\000o\000m\000p\000o\000s\000e\000.\000y\000m\000l\000\040\000e\000x\000p\000l\000i\000q\000u\000\351}{chapter.4}% 22
\BOOKMARK [1][-]{section.4.4}{\376\377\000L\000a\000n\000c\000e\000m\000e\000n\000t\000\040\000d\000e\000s\000\040\000c\000o\000n\000t\000e\000n\000e\000u\000r\000s}{chapter.4}% 23
\BOOKMARK [1][-]{section.4.5}{\376\377\000V\000\351\000r\000i\000f\000i\000c\000a\000t\000i\000o\000n\000\040\000d\000e\000\040\000l\040\031\000i\000n\000t\000e\000r\000f\000a\000c\000e\000\040\000W\000e\000b}{chapter.4}% 24
\BOOKMARK [0][-]{chapter.5}{\376\377\000C\000o\000n\000f\000i\000g\000u\000r\000a\000t\000i\000o\000n\000\040\000d\000e\000s\000\040\000a\000g\000e\000n\000t\000s}{}% 25
\BOOKMARK [1][-]{section.5.1}{\376\377\000A\000g\000e\000n\000t\000\040\000Z\000a\000b\000b\000i\000x\000\040\000s\000u\000r\000\040\000L\000i\000n\000u\000x\000\040\000\050\000U\000b\000u\000n\000t\000u\000\051}{chapter.5}% 26
\BOOKMARK [2][-]{subsection.5.1.1}{\376\377\000I\000n\000s\000t\000a\000l\000l\000a\000t\000i\000o\000n}{section.5.1}% 27
\BOOKMARK [2][-]{subsection.5.1.2}{\376\377\000C\000o\000n\000f\000i\000g\000u\000r\000a\000t\000i\000o\000n\000\040\000:\000\040\000z\000a\000b\000b\000i\000x\000\137\000a\000g\000e\000n\000t\0002\000.\000c\000o\000n\000f\000\040\000\050\000e\000x\000t\000r\000a\000i\000t\000\051}{section.5.1}% 28
\BOOKMARK [1][-]{section.5.2}{\376\377\000A\000g\000e\000n\000t\000\040\000Z\000a\000b\000b\000i\000x\000\040\000s\000u\000r\000\040\000W\000i\000n\000d\000o\000w\000s\000\040\000S\000e\000r\000v\000e\000r}{chapter.5}% 29
\BOOKMARK [2][-]{subsection.5.2.1}{\376\377\000I\000n\000s\000t\000a\000l\000l\000a\000t\000i\000o\000n\000\040\000M\000S\000I\000\040\000e\000t\000\040\000p\000a\000r\000a\000m\000\350\000t\000r\000e\000s}{section.5.2}% 30
\BOOKMARK [0][-]{chapter.6}{\376\377\000M\000o\000n\000i\000t\000o\000r\000i\000n\000g\000\040\000\046\000\040\000D\000a\000s\000h\000b\000o\000a\000r\000d}{}% 31
\BOOKMARK [1][-]{section.6.1}{\376\377\000A\000j\000o\000u\000t\000\040\000d\000e\000s\000\040\000h\000\364\000t\000e\000s}{chapter.6}% 32
\BOOKMARK [1][-]{section.6.2}{\376\377\000V\000a\000l\000i\000d\000a\000t\000i\000o\000n\000\040\000:\000\040\000s\000t\000a\000t\000u\000t\000\040\000Z\000B\000X\000\040\000e\000n\000\040\000v\000e\000r\000t}{chapter.6}% 33
\BOOKMARK [1][-]{section.6.3}{\376\377\000G\000r\000a\000p\000h\000i\000q\000u\000e\000s\000\040\000C\000P\000U\000/\000R\000A\000M\000\040\000e\000t\000\040\000t\000a\000b\000l\000e\000a\000u\000x\000\040\000d\000e\000\040\000b\000o\000r\000d}{chapter.6}% 34
\BOOKMARK [0][-]{chapter.7}{\376\377\000D\000i\000f\000f\000i\000c\000u\000l\000t\000\351\000s\000\040\000r\000e\000n\000c\000o\000n\000t\000r\000\351\000e\000s\000\040\000\046\000\040\000s\000o\000l\000u\000t\000i\000o\000n\000s}{}% 35
\BOOKMARK [1][-]{section.7.1}{\376\377\000P\000o\000r\000t\000s\000\040\000b\000l\000o\000q\000u\000\351\000s\000\040\000/\000\040\000a\000c\000c\000\350\000s\000\040\000r\000\351\000s\000e\000a\000u}{chapter.7}% 36
\BOOKMARK [1][-]{section.7.2}{\376\377\000D\000o\000c\000k\000e\000r\000\040\000i\000n\000d\000i\000s\000p\000o\000n\000i\000b\000l\000e\000\040\000a\000p\000r\000\350\000s\000\040\000a\000r\000r\000\352\000t\000/\000r\000e\000d\000\351\000m\000a\000r\000r\000a\000g\000e\000\040\000d\000u\000\040\000l\000a\000b}{chapter.7}% 37
\BOOKMARK [1][-]{section.7.3}{\376\377\000L\000i\000m\000i\000t\000a\000t\000i\000o\000n\000s\000\040\000d\000u\000\040\000L\000e\000a\000r\000n\000e\000r\000\040\000L\000a\000b}{chapter.7}% 38
\BOOKMARK [0][-]{chapter.8}{\376\377\000C\000o\000n\000c\000l\000u\000s\000i\000o\000n}{}% 39
\BOOKMARK [1][-]{section.8.1}{\376\377\000R\000\351\000s\000u\000m\000\351\000\040\000d\000e\000s\000\040\000r\000\351\000s\000u\000l\000t\000a\000t\000s}{chapter.8}% 40
\BOOKMARK [1][-]{section.8.2}{\376\377\000B\000\351\000n\000\351\000f\000i\000c\000e\000s\000\040\000d\000u\000\040\000m\000o\000n\000i\000t\000o\000r\000i\000n\000g\000\040\000h\000y\000b\000r\000i\000d\000e}{chapter.8}% 41
\BOOKMARK [1][-]{section.8.3}{\376\377\000A\000m\000\351\000l\000i\000o\000r\000a\000t\000i\000o\000n\000s\000\040\000f\000u\000t\000u\000r\000e\000s\000\040\000p\000o\000s\000s\000i\000b\000l\000e\000s}{chapter.8}% 42
